{"level":"info","message":"Loading Mongoose functionality"}
{"level":"info","message":"Starting application"}
{"level":"info","message":"Loading Mongoose functionality"}
{"level":"info","message":"Starting application"}
{"level":"info","message":"Mongoose connected to the database"}
{"level":"info","message":"Create Student"}
{"level":"info","message":"Get all a users courses"}
{"level":"info","message":"Create Course"}
{"level":"info","message":"Get all a users courses"}
{"level":"info","message":"Get all a users courses"}
{"level":"info","message":"Get all a users courses"}
{"level":"info","message":"Create Course"}
{"level":"info","message":"Get all a users courses"}
{"level":"info","message":"Get all a users courses"}
{"level":"info","message":"Get all a users courses"}
{"level":"info","message":"Create Course"}
{"level":"info","message":"Get all a users courses"}
{"level":"info","message":"Create Course"}
{"level":"info","message":"Get all a users courses"}
{"level":"info","message":"Get all a users courses"}
{"level":"info","message":"Get all a users courses"}
{"level":"info","message":"Create Student"}
{"level":"info","message":"Get all a users courses"}
{"level":"info","message":"Create Course"}
{"level":"info","message":"Get all a users courses"}
{"level":"info","message":"Create Course"}
{"level":"info","message":"Get all a users courses"}
{"level":"info","message":"Create Course"}
{"level":"info","message":"Get all a users courses"}
{"level":"info","message":"Get all a users courses"}
{"level":"info","message":"Get all a users courses"}
{"level":"info","message":"Create Course"}
{"level":"info","message":"Get all a users courses"}
{"level":"info","message":"Get all a users courses"}
